** Message: Remote error from secret service: org.freedesktop.DBus.Error.ServiceUnknown: The name org.freedesktop.secrets was not provided by any .service files
** Message: Remote error from secret service: org.freedesktop.DBus.Error.ServiceUnknown: The name org.freedesktop.secrets was not provided by any .service files
ALSA lib pcm.c:2501:(snd_pcm_open_noupdate) Unknown PCM mic_call
ALSA lib confmisc.c:767:(parse_card) cannot find card '0'
ALSA lib conf.c:4554:(_snd_config_evaluate) function snd_func_card_driver returned error: No such file or directory
ALSA lib confmisc.c:392:(snd_func_concat) error evaluating strings
ALSA lib conf.c:4554:(_snd_config_evaluate) function snd_func_concat returned error: No such file or directory
ALSA lib confmisc.c:1246:(snd_func_refer) error evaluating name
ALSA lib conf.c:4554:(_snd_config_evaluate) function snd_func_refer returned error: No such file or directory
ALSA lib conf.c:5033:(snd_config_expand) Evaluate error: No such file or directory
ALSA lib pcm.c:2501:(snd_pcm_open_noupdate) Unknown PCM default
ALSA lib pcm.c:2501:(snd_pcm_open_noupdate) Unknown PCM call
ALSA lib confmisc.c:767:(parse_card) cannot find card '0'
ALSA lib conf.c:4554:(_snd_config_evaluate) function snd_func_card_driver returned error: No such file or directory
ALSA lib confmisc.c:392:(snd_func_concat) error evaluating strings
ALSA lib conf.c:4554:(_snd_config_evaluate) function snd_func_concat returned error: No such file or directory
ALSA lib confmisc.c:1246:(snd_func_refer) error evaluating name
ALSA lib conf.c:4554:(_snd_config_evaluate) function snd_func_refer returned error: No such file or directory
ALSA lib conf.c:5033:(snd_config_expand) Evaluate error: No such file or directory
ALSA lib pcm.c:2501:(snd_pcm_open_noupdate) Unknown PCM default
ALSA lib pcm.c:2501:(snd_pcm_open_noupdate) Unknown PCM mic_call
ALSA lib confmisc.c:767:(parse_card) cannot find card '0'
ALSA lib conf.c:4554:(_snd_config_evaluate) function snd_func_card_driver returned error: No such file or directory
ALSA lib confmisc.c:392:(snd_func_concat) error evaluating strings
ALSA lib conf.c:4554:(_snd_config_evaluate) function snd_func_concat returned error: No such file or directory
ALSA lib confmisc.c:1246:(snd_func_refer) error evaluating name
ALSA lib conf.c:4554:(_snd_config_evaluate) function snd_func_refer returned error: No such file or directory
ALSA lib conf.c:5033:(snd_config_expand) Evaluate error: No such file or directory
ALSA lib pcm.c:2501:(snd_pcm_open_noupdate) Unknown PCM default
ALSA lib pcm.c:2501:(snd_pcm_open_noupdate) Unknown PCM call
ALSA lib confmisc.c:767:(parse_card) cannot find card '0'
ALSA lib conf.c:4554:(_snd_config_evaluate) function snd_func_card_driver returned error: No such file or directory
ALSA lib confmisc.c:392:(snd_func_concat) error evaluating strings
ALSA lib conf.c:4554:(_snd_config_evaluate) function snd_func_concat returned error: No such file or directory
ALSA lib confmisc.c:1246:(snd_func_refer) error evaluating name
ALSA lib conf.c:4554:(_snd_config_evaluate) function snd_func_refer returned error: No such file or directory
ALSA lib conf.c:5033:(snd_config_expand) Evaluate error: No such file or directory
ALSA lib pcm.c:2501:(snd_pcm_open_noupdate) Unknown PCM default
ALSA lib pcm.c:2501:(snd_pcm_open_noupdate) Unknown PCM mic_call
ALSA lib confmisc.c:767:(parse_card) cannot find card '0'
ALSA lib conf.c:4554:(_snd_config_evaluate) function snd_func_card_driver returned error: No such file or directory
ALSA lib confmisc.c:392:(snd_func_concat) error evaluating strings
ALSA lib conf.c:4554:(_snd_config_evaluate) function snd_func_concat returned error: No such file or directory
ALSA lib confmisc.c:1246:(snd_func_refer) error evaluating name
ALSA lib conf.c:4554:(_snd_config_evaluate) function snd_func_refer returned error: No such file or directory
ALSA lib conf.c:5033:(snd_config_expand) Evaluate error: No such file or directory
ALSA lib pcm.c:2501:(snd_pcm_open_noupdate) Unknown PCM default
ALSA lib pcm.c:2501:(snd_pcm_open_noupdate) Unknown PCM call
ALSA lib confmisc.c:767:(parse_card) cannot find card '0'
ALSA lib conf.c:4554:(_snd_config_evaluate) function snd_func_card_driver returned error: No such file or directory
ALSA lib confmisc.c:392:(snd_func_concat) error evaluating strings
ALSA lib conf.c:4554:(_snd_config_evaluate) function snd_func_concat returned error: No such file or directory
ALSA lib confmisc.c:1246:(snd_func_refer) error evaluating name
ALSA lib conf.c:4554:(_snd_config_evaluate) function snd_func_refer returned error: No such file or directory
ALSA lib conf.c:5033:(snd_config_expand) Evaluate error: No such file or directory
ALSA lib pcm.c:2501:(snd_pcm_open_noupdate) Unknown PCM default
ALSA lib confmisc.c:767:(parse_card) cannot find card '0'
ALSA lib conf.c:4554:(_snd_config_evaluate) function snd_func_card_driver returned error: No such file or directory
ALSA lib confmisc.c:392:(snd_func_concat) error evaluating strings
ALSA lib conf.c:4554:(_snd_config_evaluate) function snd_func_concat returned error: No such file or directory
ALSA lib confmisc.c:1246:(snd_func_refer) error evaluating name
ALSA lib conf.c:4554:(_snd_config_evaluate) function snd_func_refer returned error: No such file or directory
ALSA lib conf.c:5033:(snd_config_expand) Evaluate error: No such file or directory
ALSA lib pcm.c:2501:(snd_pcm_open_noupdate) Unknown PCM default
[apulse] [error] do_connect_pcm: can't open playback device "default". Error code -2 (No such file or directory)
[apulse] [error] do_connect_pcm: failed to open ALSA device. Apulse does no resampling or format conversion, leaving that task to ALSA plugins. Ensure that selected device is capable of playing a particular sample format at a particular rate. They have to be supported by either hardware directly, or by "plug" and "dmix" ALSA plugins which will perform required conversions on CPU.
ALSA lib confmisc.c:767:(parse_card) cannot find card '0'
ALSA lib conf.c:4554:(_snd_config_evaluate) function snd_func_card_driver returned error: No such file or directory
ALSA lib confmisc.c:392:(snd_func_concat) error evaluating strings
ALSA lib conf.c:4554:(_snd_config_evaluate) function snd_func_concat returned error: No such file or directory
ALSA lib confmisc.c:1246:(snd_func_refer) error evaluating name
ALSA lib conf.c:4554:(_snd_config_evaluate) function snd_func_refer returned error: No such file or directory
ALSA lib conf.c:5033:(snd_config_expand) Evaluate error: No such file or directory
ALSA lib pcm.c:2501:(snd_pcm_open_noupdate) Unknown PCM default
[apulse] [error] do_connect_pcm: can't open playback device "default". Error code -2 (No such file or directory)
[apulse] [error] do_connect_pcm: failed to open ALSA device. Apulse does no resampling or format conversion, leaving that task to ALSA plugins. Ensure that selected device is capable of playing a particular sample format at a particular rate. They have to be supported by either hardware directly, or by "plug" and "dmix" ALSA plugins which will perform required conversions on CPU.
ALSA lib confmisc.c:767:(parse_card) cannot find card '0'
ALSA lib conf.c:4554:(_snd_config_evaluate) function snd_func_card_driver returned error: No such file or directory
ALSA lib confmisc.c:392:(snd_func_concat) error evaluating strings
ALSA lib conf.c:4554:(_snd_config_evaluate) function snd_func_concat returned error: No such file or directory
ALSA lib confmisc.c:1246:(snd_func_refer) error evaluating name
ALSA lib conf.c:4554:(_snd_config_evaluate) function snd_func_refer returned error: No such file or directory
ALSA lib conf.c:5033:(snd_config_expand) Evaluate error: No such file or directory
ALSA lib pcm.c:2501:(snd_pcm_open_noupdate) Unknown PCM default
[apulse] [error] do_connect_pcm: can't open playback device "default". Error code -2 (No such file or directory)
[apulse] [error] do_connect_pcm: failed to open ALSA device. Apulse does no resampling or format conversion, leaving that task to ALSA plugins. Ensure that selected device is capable of playing a particular sample format at a particular rate. They have to be supported by either hardware directly, or by "plug" and "dmix" ALSA plugins which will perform required conversions on CPU.
[apulse] [error] do_connect_pcm: can't open playback device "default". Error code -2 (No such file or directory)
[apulse] [error] do_connect_pcm: failed to open ALSA device. Apulse does no resampling or format conversion, leaving that task to ALSA plugins. Ensure that selected device is capable of playing a particular sample format at a particular rate. They have to be supported by either hardware directly, or by "plug" and "dmix" ALSA plugins which will perform required conversions on CPU.
[apulse] [error] do_connect_pcm: can't open playback device "default". Error code -2 (No such file or directory)
[apulse] [error] do_connect_pcm: failed to open ALSA device. Apulse does no resampling or format conversion, leaving that task to ALSA plugins. Ensure that selected device is capable of playing a particular sample format at a particular rate. They have to be supported by either hardware directly, or by "plug" and "dmix" ALSA plugins which will perform required conversions on CPU.
[apulse] [error] do_connect_pcm: can't open playback device "default". Error code -2 (No such file or directory)
[apulse] [error] do_connect_pcm: failed to open ALSA device. Apulse does no resampling or format conversion, leaving that task to ALSA plugins. Ensure that selected device is capable of playing a particular sample format at a particular rate. They have to be supported by either hardware directly, or by "plug" and "dmix" ALSA plugins which will perform required conversions on CPU.
