[    12.314] 
X.Org X Server 1.17.2
Release Date: 2015-06-16
[    12.315] X Protocol Version 11, Revision 0
[    12.315] Build Operating System: Linux 4.0.4-2-ARCH x86_64 
[    12.315] Current Operating System: Linux sky-xul 4.1.4-1-ARCH #1 SMP PREEMPT Mon Aug 3 21:30:37 UTC 2015 x86_64
[    12.315] Kernel command line: BOOT_IMAGE=/boot/vmlinuz-linux root=UUID=7027ebd7-bbe1-4de1-a33e-64e0fe2bb908 rw quiet
[    12.315] Build Date: 17 July 2015  05:38:19PM
[    12.315]  
[    12.315] Current version of pixman: 0.32.6
[    12.315] 	Before reporting problems, check http://wiki.x.org
	to make sure that you have the latest version.
[    12.315] Markers: (--) probed, (**) from config file, (==) default setting,
	(++) from command line, (!!) notice, (II) informational,
	(WW) warning, (EE) error, (NI) not implemented, (??) unknown.
[    12.315] (==) Log file: "/home/aidan/.local/share/xorg/Xorg.0.log", Time: Mon Aug 10 08:10:15 2015
[    12.320] (==) Using config directory: "/etc/X11/xorg.conf.d"
[    12.320] (==) Using system config directory "/usr/share/X11/xorg.conf.d"
[    12.320] (==) No Layout section.  Using the first Screen section.
[    12.320] (==) No screen section available. Using defaults.
[    12.320] (**) |-->Screen "Default Screen Section" (0)
[    12.320] (**) |   |-->Monitor "<default monitor>"
[    12.320] (==) No monitor specified for screen "Default Screen Section".
	Using a default monitor configuration.
[    12.320] (==) Automatically adding devices
[    12.320] (==) Automatically enabling devices
[    12.320] (==) Automatically adding GPU devices
[    12.325] (WW) `fonts.dir' not found (or not valid) in "/usr/share/fonts/100dpi/".
[    12.325] 	Entry deleted from font path.
[    12.325] 	(Run 'mkfontdir' on "/usr/share/fonts/100dpi/").
[    12.325] (WW) `fonts.dir' not found (or not valid) in "/usr/share/fonts/75dpi/".
[    12.325] 	Entry deleted from font path.
[    12.325] 	(Run 'mkfontdir' on "/usr/share/fonts/75dpi/").
[    12.325] (==) FontPath set to:
	/usr/share/fonts/misc/,
	/usr/share/fonts/TTF/,
	/usr/share/fonts/OTF/,
	/usr/share/fonts/Type1/
[    12.325] (==) ModulePath set to "/usr/lib/xorg/modules"
[    12.325] (II) The server relies on udev to provide the list of input devices.
	If no devices become available, reconfigure udev or disable AutoAddDevices.
[    12.325] (II) Loader magic: 0x817d60
[    12.325] (II) Module ABI versions:
[    12.325] 	X.Org ANSI C Emulation: 0.4
[    12.325] 	X.Org Video Driver: 19.0
[    12.325] 	X.Org XInput driver : 21.1
[    12.325] 	X.Org Server Extension : 9.0
[    12.327] (II) systemd-logind: took control of session /org/freedesktop/login1/session/c1
[    12.328] (EE) 
[    12.328] (EE) Backtrace:
[    12.328] (EE) 0: /usr/lib/xorg-server/Xorg (OsLookupColor+0x139) [0x596d09]
[    12.328] (EE) 1: /usr/lib/libc.so.6 (__restore_rt+0x0) [0x7f1406a155af]
[    12.329] (EE) 2: /usr/lib/libudev.so.1 (udev_hwdb_get_properties_list_entry+0x1446) [0x7f1408ad2b36]
[    12.329] (EE) 3: /usr/lib/libudev.so.1 (udev_hwdb_get_properties_list_entry+0x1fe0) [0x7f1408ad42a0]
[    12.329] (EE) 4: /usr/lib/libudev.so.1 (udev_device_get_parent_with_subsystem_devtype+0x3f9c) [0x7f1408ace56c]
[    12.330] (EE) 5: /usr/lib/libudev.so.1 (udev_device_get_parent_with_subsystem_devtype+0x9b91) [0x7f1408ad9d71]
[    12.330] (EE) 6: /usr/lib/xorg-server/Xorg (config_fini+0x174a) [0x49ecfa]
[    12.330] (EE) 7: /usr/lib/xorg-server/Xorg (xf86PlatformMatchDriver+0x2da) [0x49ab0a]
[    12.330] (EE) 8: /usr/lib/xorg-server/Xorg (xf86BusProbe+0x9) [0x46d4e9]
[    12.330] (EE) 9: /usr/lib/xorg-server/Xorg (InitOutput+0x782) [0x47bea2]
[    12.331] (EE) 10: /usr/lib/xorg-server/Xorg (remove_fs_handlers+0x22a) [0x43cd5a]
[    12.331] (EE) 11: /usr/lib/libc.so.6 (__libc_start_main+0xf0) [0x7f1406a02790]
[    12.331] (EE) 12: /usr/lib/xorg-server/Xorg (_start+0x29) [0x427319]
[    12.332] (EE) 13: ? (?+0x29) [0x29]
[    12.332] (EE) 
[    12.332] (EE) Illegal instruction at address 0x7f1408ad1756
[    12.332] (EE) 
Fatal server error:
[    12.332] (EE) Caught signal 4 (Illegal instruction). Server aborting
[    12.332] (EE) 
[    12.332] (EE) 
Please consult the The X.Org Foundation support 
	 at http://wiki.x.org
 for help. 
[    12.332] (EE) Please also check the log file at "/home/aidan/.local/share/xorg/Xorg.0.log" for additional information.
[    12.332] (EE) 
[    12.337] (EE) Server terminated with error (1). Closing log file.
